{"/Volumes/T7/githubDemo/CommiTail/src/extension.ts": {"path":"/Volumes/T7/githubDemo/CommiTail/src/extension.ts","statementMap":{"0":{"start":{"line":20,"column":0},"end":{"line":20,"column":16}},"1":{"start":{"line":26,"column":0},"end":{"line":26,"column":16}},"2":{"start":{"line":32,"column":0},"end":{"line":32,"column":16}},"3":{"start":{"line":63,"column":0},"end":{"line":63,"column":16}},"4":{"start":{"line":115,"column":0},"end":{"line":115,"column":16}},"5":{"start":{"line":145,"column":0},"end":{"line":145,"column":16}},"6":{"start":{"line":317,"column":0},"end":{"line":317,"column":16}},"7":{"start":{"line":323,"column":0},"end":{"line":323,"column":7}},"8":{"start":{"line":1,"column":0},"end":{"line":1,"column":33}},"9":{"start":{"line":2,"column":0},"end":{"line":2,"column":25}},"10":{"start":{"line":3,"column":0},"end":{"line":3,"column":29}},"11":{"start":{"line":4,"column":0},"end":{"line":4,"column":37}},"12":{"start":{"line":21,"column":23},"end":{"line":21,"column":67}},"13":{"start":{"line":22,"column":2},"end":{"line":22,"column":33}},"14":{"start":{"line":22,"column":21},"end":{"line":22,"column":33}},"15":{"start":{"line":23,"column":2},"end":{"line":23,"column":40}},"16":{"start":{"line":27,"column":18},"end":{"line":27,"column":51}},"17":{"start":{"line":28,"column":2},"end":{"line":28,"column":52}},"18":{"start":{"line":28,"column":40},"end":{"line":28,"column":52}},"19":{"start":{"line":29,"column":2},"end":{"line":29,"column":67}},"20":{"start":{"line":33,"column":19},"end":{"line":33,"column":57}},"21":{"start":{"line":34,"column":2},"end":{"line":34,"column":29}},"22":{"start":{"line":34,"column":17},"end":{"line":34,"column":29}},"23":{"start":{"line":36,"column":2},"end":{"line":38,"column":3}},"24":{"start":{"line":37,"column":4},"end":{"line":37,"column":16}},"25":{"start":{"line":40,"column":2},"end":{"line":55,"column":3}},"26":{"start":{"line":41,"column":20},"end":{"line":41,"column":54}},"27":{"start":{"line":42,"column":19},"end":{"line":42,"column":48}},"28":{"start":{"line":43,"column":29},"end":{"line":43,"column":59}},"29":{"start":{"line":44,"column":4},"end":{"line":47,"column":5}},"30":{"start":{"line":45,"column":6},"end":{"line":45,"column":78}},"31":{"start":{"line":46,"column":6},"end":{"line":46,"column":18}},"32":{"start":{"line":48,"column":4},"end":{"line":48,"column":18}},"33":{"start":{"line":51,"column":25},"end":{"line":51,"column":57}},"34":{"start":{"line":52,"column":4},"end":{"line":52,"column":67}},"35":{"start":{"line":53,"column":4},"end":{"line":53,"column":60}},"36":{"start":{"line":54,"column":4},"end":{"line":54,"column":16}},"37":{"start":{"line":65,"column":2},"end":{"line":67,"column":3}},"38":{"start":{"line":66,"column":4},"end":{"line":66,"column":54}},"39":{"start":{"line":70,"column":2},"end":{"line":72,"column":3}},"40":{"start":{"line":71,"column":4},"end":{"line":71,"column":64}},"41":{"start":{"line":74,"column":2},"end":{"line":76,"column":3}},"42":{"start":{"line":75,"column":4},"end":{"line":75,"column":63}},"43":{"start":{"line":79,"column":2},"end":{"line":83,"column":3}},"44":{"start":{"line":79,"column":15},"end":{"line":79,"column":16}},"45":{"start":{"line":80,"column":4},"end":{"line":82,"column":5}},"46":{"start":{"line":81,"column":6},"end":{"line":81,"column":71}},"47":{"start":{"line":86,"column":2},"end":{"line":88,"column":3}},"48":{"start":{"line":87,"column":4},"end":{"line":87,"column":58}},"49":{"start":{"line":91,"column":2},"end":{"line":109,"column":3}},"50":{"start":{"line":92,"column":4},"end":{"line":97,"column":5}},"51":{"start":{"line":96,"column":6},"end":{"line":96,"column":65}},"52":{"start":{"line":100,"column":4},"end":{"line":108,"column":5}},"53":{"start":{"line":104,"column":6},"end":{"line":107,"column":8}},"54":{"start":{"line":112,"column":2},"end":{"line":112,"column":66}},"55":{"start":{"line":116,"column":2},"end":{"line":142,"column":5}},"56":{"start":{"line":118,"column":4},"end":{"line":121,"column":5}},"57":{"start":{"line":119,"column":6},"end":{"line":119,"column":57}},"58":{"start":{"line":120,"column":6},"end":{"line":120,"column":28}},"59":{"start":{"line":124,"column":4},"end":{"line":141,"column":6}},"60":{"start":{"line":128,"column":8},"end":{"line":133,"column":9}},"61":{"start":{"line":130,"column":10},"end":{"line":130,"column":75}},"62":{"start":{"line":131,"column":10},"end":{"line":131,"column":50}},"63":{"start":{"line":132,"column":10},"end":{"line":132,"column":32}},"64":{"start":{"line":136,"column":8},"end":{"line":136,"column":65}},"65":{"start":{"line":137,"column":8},"end":{"line":137,"column":39}},"66":{"start":{"line":138,"column":8},"end":{"line":138,"column":29}},"67":{"start":{"line":139,"column":8},"end":{"line":139,"column":29}},"68":{"start":{"line":147,"column":24},"end":{"line":147,"column":70}},"69":{"start":{"line":150,"column":24},"end":{"line":150,"column":36}},"70":{"start":{"line":151,"column":2},"end":{"line":177,"column":3}},"71":{"start":{"line":152,"column":4},"end":{"line":154,"column":6}},"72":{"start":{"line":155,"column":4},"end":{"line":157,"column":6}},"73":{"start":{"line":158,"column":4},"end":{"line":158,"column":40}},"74":{"start":{"line":159,"column":4},"end":{"line":169,"column":6}},"75":{"start":{"line":171,"column":4},"end":{"line":173,"column":6}},"76":{"start":{"line":174,"column":4},"end":{"line":176,"column":6}},"77":{"start":{"line":180,"column":33},"end":{"line":184,"column":null}},"78":{"start":{"line":183,"column":6},"end":{"line":183,"column":34}},"79":{"start":{"line":187,"column":37},"end":{"line":308,"column":null}},"80":{"start":{"line":190,"column":18},"end":{"line":190,"column":35}},"81":{"start":{"line":191,"column":6},"end":{"line":194,"column":7}},"82":{"start":{"line":192,"column":8},"end":{"line":192,"column":63}},"83":{"start":{"line":193,"column":8},"end":{"line":193,"column":15}},"84":{"start":{"line":195,"column":19},"end":{"line":195,"column":38}},"85":{"start":{"line":196,"column":6},"end":{"line":201,"column":7}},"86":{"start":{"line":197,"column":8},"end":{"line":199,"column":10}},"87":{"start":{"line":200,"column":8},"end":{"line":200,"column":15}},"88":{"start":{"line":203,"column":23},"end":{"line":203,"column":36}},"89":{"start":{"line":204,"column":30},"end":{"line":204,"column":51}},"90":{"start":{"line":206,"column":6},"end":{"line":209,"column":7}},"91":{"start":{"line":207,"column":8},"end":{"line":207,"column":53}},"92":{"start":{"line":208,"column":8},"end":{"line":208,"column":15}},"93":{"start":{"line":212,"column":21},"end":{"line":212,"column":33}},"94":{"start":{"line":213,"column":6},"end":{"line":234,"column":7}},"95":{"start":{"line":214,"column":27},"end":{"line":214,"column":78}},"96":{"start":{"line":215,"column":8},"end":{"line":232,"column":13}},"97":{"start":{"line":222,"column":12},"end":{"line":231,"column":13}},"98":{"start":{"line":224,"column":14},"end":{"line":224,"column":42}},"99":{"start":{"line":225,"column":19},"end":{"line":231,"column":13}},"100":{"start":{"line":226,"column":14},"end":{"line":230,"column":16}},"101":{"start":{"line":233,"column":8},"end":{"line":233,"column":15}},"102":{"start":{"line":235,"column":6},"end":{"line":240,"column":7}},"103":{"start":{"line":236,"column":8},"end":{"line":238,"column":10}},"104":{"start":{"line":239,"column":8},"end":{"line":239,"column":15}},"105":{"start":{"line":245,"column":6},"end":{"line":264,"column":7}},"106":{"start":{"line":248,"column":10},"end":{"line":248,"column":75}},"107":{"start":{"line":251,"column":8},"end":{"line":251,"column":53}},"108":{"start":{"line":253,"column":8},"end":{"line":259,"column":10}},"109":{"start":{"line":261,"column":8},"end":{"line":263,"column":9}},"110":{"start":{"line":262,"column":10},"end":{"line":262,"column":17}},"111":{"start":{"line":266,"column":27},"end":{"line":266,"column":65}},"112":{"start":{"line":268,"column":6},"end":{"line":307,"column":7}},"113":{"start":{"line":269,"column":24},"end":{"line":269,"column":63}},"114":{"start":{"line":270,"column":8},"end":{"line":272,"column":9}},"115":{"start":{"line":275,"column":8},"end":{"line":275,"column":56}},"116":{"start":{"line":278,"column":8},"end":{"line":306,"column":9}},"117":{"start":{"line":280,"column":15},"end":{"line":306,"column":9}},"118":{"start":{"line":281,"column":10},"end":{"line":283,"column":12}},"119":{"start":{"line":284,"column":15},"end":{"line":306,"column":9}},"120":{"start":{"line":285,"column":10},"end":{"line":287,"column":12}},"121":{"start":{"line":290,"column":10},"end":{"line":305,"column":15}},"122":{"start":{"line":293,"column":14},"end":{"line":304,"column":15}},"123":{"start":{"line":294,"column":16},"end":{"line":294,"column":57}},"124":{"start":{"line":295,"column":16},"end":{"line":297,"column":18}},"125":{"start":{"line":298,"column":16},"end":{"line":298,"column":64}},"126":{"start":{"line":299,"column":16},"end":{"line":299,"column":65}},"127":{"start":{"line":300,"column":16},"end":{"line":302,"column":18}},"128":{"start":{"line":303,"column":16},"end":{"line":303,"column":37}},"129":{"start":{"line":312,"column":2},"end":{"line":312,"column":57}},"130":{"start":{"line":313,"column":2},"end":{"line":313,"column":53}},"131":{"start":{"line":314,"column":2},"end":{"line":314,"column":44}},"132":{"start":{"line":324,"column":21},"end":{"line":324,"column":45}},"133":{"start":{"line":325,"column":2},"end":{"line":328,"column":3}},"134":{"start":{"line":326,"column":4},"end":{"line":326,"column":56}},"135":{"start":{"line":327,"column":4},"end":{"line":327,"column":17}},"136":{"start":{"line":331,"column":2},"end":{"line":339,"column":3}},"137":{"start":{"line":332,"column":22},"end":{"line":334,"column":null}},"138":{"start":{"line":336,"column":4},"end":{"line":338,"column":5}},"139":{"start":{"line":337,"column":6},"end":{"line":337,"column":19}},"140":{"start":{"line":342,"column":32},"end":{"line":346,"column":4}},"141":{"start":{"line":348,"column":2},"end":{"line":359,"column":3}},"142":{"start":{"line":349,"column":4},"end":{"line":353,"column":6}},"143":{"start":{"line":354,"column":4},"end":{"line":354,"column":67}},"144":{"start":{"line":355,"column":4},"end":{"line":355,"column":16}},"145":{"start":{"line":357,"column":4},"end":{"line":357,"column":68}},"146":{"start":{"line":358,"column":4},"end":{"line":358,"column":17}}},"fnMap":{"0":{"name":"getGitExtension","decl":{"start":{"line":20,"column":16},"end":{"line":20,"column":31}},"loc":{"start":{"line":20,"column":31},"end":{"line":24,"column":1}}},"1":{"name":"getWorkspaceConfigPath","decl":{"start":{"line":26,"column":16},"end":{"line":26,"column":38}},"loc":{"start":{"line":26,"column":38},"end":{"line":30,"column":1}}},"2":{"name":"loadConfig","decl":{"start":{"line":32,"column":16},"end":{"line":32,"column":26}},"loc":{"start":{"line":32,"column":46},"end":{"line":56,"column":1}}},"3":{"name":"validateConfig","decl":{"start":{"line":63,"column":16},"end":{"line":63,"column":30}},"loc":{"start":{"line":63,"column":42},"end":{"line":113,"column":1}}},"4":{"name":"execGitCommit","decl":{"start":{"line":115,"column":16},"end":{"line":115,"column":29}},"loc":{"start":{"line":115,"column":62},"end":{"line":143,"column":1}}},"5":{"name":"(anonymous_14)","decl":{"start":{"line":116,"column":30},"end":{"line":116,"column":31}},"loc":{"start":{"line":116,"column":50},"end":{"line":142,"column":3}}},"6":{"name":"(anonymous_15)","decl":{"start":{"line":127,"column":6},"end":{"line":127,"column":7}},"loc":{"start":{"line":127,"column":30},"end":{"line":140,"column":7}}},"7":{"name":"activate","decl":{"start":{"line":145,"column":16},"end":{"line":145,"column":24}},"loc":{"start":{"line":145,"column":57},"end":{"line":315,"column":1}}},"8":{"name":"(anonymous_17)","decl":{"start":{"line":182,"column":4},"end":{"line":182,"column":9}},"loc":{"start":{"line":182,"column":15},"end":{"line":184,"column":5}}},"9":{"name":"(anonymous_18)","decl":{"start":{"line":189,"column":4},"end":{"line":189,"column":9}},"loc":{"start":{"line":189,"column":15},"end":{"line":308,"column":5}}},"10":{"name":"(anonymous_19)","decl":{"start":{"line":221,"column":16},"end":{"line":221,"column":21}},"loc":{"start":{"line":221,"column":36},"end":{"line":232,"column":11}}},"11":{"name":"(anonymous_20)","decl":{"start":{"line":292,"column":18},"end":{"line":292,"column":19}},"loc":{"start":{"line":292,"column":32},"end":{"line":305,"column":13}}},"12":{"name":"deactivate","decl":{"start":{"line":317,"column":16},"end":{"line":317,"column":26}},"loc":{"start":{"line":317,"column":26},"end":{"line":317,"column":31}}},"13":{"name":"createDefaultConfig","decl":{"start":{"line":323,"column":22},"end":{"line":323,"column":41}},"loc":{"start":{"line":323,"column":41},"end":{"line":360,"column":1}}}},"branchMap":{"0":{"loc":{"start":{"line":22,"column":2},"end":{"line":22,"column":33}},"type":"if","locations":[{"start":{"line":22,"column":2},"end":{"line":22,"column":33}},{"start":{},"end":{}}]},"1":{"loc":{"start":{"line":28,"column":2},"end":{"line":28,"column":52}},"type":"if","locations":[{"start":{"line":28,"column":2},"end":{"line":28,"column":52}},{"start":{},"end":{}}]},"2":{"loc":{"start":{"line":28,"column":6},"end":{"line":28,"column":38}},"type":"binary-expr","locations":[{"start":{"line":28,"column":6},"end":{"line":28,"column":14}},{"start":{"line":28,"column":18},"end":{"line":28,"column":38}}]},"3":{"loc":{"start":{"line":33,"column":19},"end":{"line":33,"column":57}},"type":"binary-expr","locations":[{"start":{"line":33,"column":19},"end":{"line":33,"column":29}},{"start":{"line":33,"column":33},"end":{"line":33,"column":57}}]},"4":{"loc":{"start":{"line":34,"column":2},"end":{"line":34,"column":29}},"type":"if","locations":[{"start":{"line":34,"column":2},"end":{"line":34,"column":29}},{"start":{},"end":{}}]},"5":{"loc":{"start":{"line":36,"column":2},"end":{"line":38,"column":3}},"type":"if","locations":[{"start":{"line":36,"column":2},"end":{"line":38,"column":3}},{"start":{},"end":{}}]},"6":{"loc":{"start":{"line":44,"column":4},"end":{"line":47,"column":5}},"type":"if","locations":[{"start":{"line":44,"column":4},"end":{"line":47,"column":5}},{"start":{},"end":{}}]},"7":{"loc":{"start":{"line":51,"column":25},"end":{"line":51,"column":57}},"type":"binary-expr","locations":[{"start":{"line":51,"column":25},"end":{"line":51,"column":38}},{"start":{"line":51,"column":42},"end":{"line":51,"column":57}}]},"8":{"loc":{"start":{"line":65,"column":2},"end":{"line":67,"column":3}},"type":"if","locations":[{"start":{"line":65,"column":2},"end":{"line":67,"column":3}},{"start":{},"end":{}}]},"9":{"loc":{"start":{"line":70,"column":2},"end":{"line":72,"column":3}},"type":"if","locations":[{"start":{"line":70,"column":2},"end":{"line":72,"column":3}},{"start":{},"end":{}}]},"10":{"loc":{"start":{"line":70,"column":6},"end":{"line":70,"column":67}},"type":"binary-expr","locations":[{"start":{"line":70,"column":6},"end":{"line":70,"column":27}},{"start":{"line":70,"column":31},"end":{"line":70,"column":67}}]},"11":{"loc":{"start":{"line":74,"column":2},"end":{"line":76,"column":3}},"type":"if","locations":[{"start":{"line":74,"column":2},"end":{"line":76,"column":3}},{"start":{},"end":{}}]},"12":{"loc":{"start":{"line":80,"column":4},"end":{"line":82,"column":5}},"type":"if","locations":[{"start":{"line":80,"column":4},"end":{"line":82,"column":5}},{"start":{},"end":{}}]},"13":{"loc":{"start":{"line":86,"column":2},"end":{"line":88,"column":3}},"type":"if","locations":[{"start":{"line":86,"column":2},"end":{"line":88,"column":3}},{"start":{},"end":{}}]},"14":{"loc":{"start":{"line":86,"column":6},"end":{"line":86,"column":71}},"type":"binary-expr","locations":[{"start":{"line":86,"column":6},"end":{"line":86,"column":33}},{"start":{"line":86,"column":37},"end":{"line":86,"column":71}}]},"15":{"loc":{"start":{"line":91,"column":2},"end":{"line":109,"column":3}},"type":"if","locations":[{"start":{"line":91,"column":2},"end":{"line":109,"column":3}},{"start":{},"end":{}}]},"16":{"loc":{"start":{"line":92,"column":4},"end":{"line":97,"column":5}},"type":"if","locations":[{"start":{"line":92,"column":4},"end":{"line":97,"column":5}},{"start":{},"end":{}}]},"17":{"loc":{"start":{"line":93,"column":6},"end":{"line":94,"column":44}},"type":"binary-expr","locations":[{"start":{"line":93,"column":6},"end":{"line":93,"column":45}},{"start":{"line":94,"column":6},"end":{"line":94,"column":44}}]},"18":{"loc":{"start":{"line":100,"column":4},"end":{"line":108,"column":5}},"type":"if","locations":[{"start":{"line":100,"column":4},"end":{"line":108,"column":5}},{"start":{},"end":{}}]},"19":{"loc":{"start":{"line":101,"column":6},"end":{"line":102,"column":56}},"type":"binary-expr","locations":[{"start":{"line":101,"column":6},"end":{"line":101,"column":29}},{"start":{"line":102,"column":6},"end":{"line":102,"column":56}}]},"20":{"loc":{"start":{"line":118,"column":4},"end":{"line":121,"column":5}},"type":"if","locations":[{"start":{"line":118,"column":4},"end":{"line":121,"column":5}},{"start":{},"end":{}}]},"21":{"loc":{"start":{"line":128,"column":8},"end":{"line":133,"column":9}},"type":"if","locations":[{"start":{"line":128,"column":8},"end":{"line":133,"column":9}},{"start":{},"end":{}}]},"22":{"loc":{"start":{"line":130,"column":50},"end":{"line":130,"column":71}},"type":"binary-expr","locations":[{"start":{"line":130,"column":50},"end":{"line":130,"column":56}},{"start":{"line":130,"column":60},"end":{"line":130,"column":71}}]},"23":{"loc":{"start":{"line":151,"column":2},"end":{"line":177,"column":3}},"type":"if","locations":[{"start":{"line":151,"column":2},"end":{"line":177,"column":3}},{"start":{"line":170,"column":9},"end":{"line":177,"column":3}}]},"24":{"loc":{"start":{"line":191,"column":6},"end":{"line":194,"column":7}},"type":"if","locations":[{"start":{"line":191,"column":6},"end":{"line":194,"column":7}},{"start":{},"end":{}}]},"25":{"loc":{"start":{"line":196,"column":6},"end":{"line":201,"column":7}},"type":"if","locations":[{"start":{"line":196,"column":6},"end":{"line":201,"column":7}},{"start":{},"end":{}}]},"26":{"loc":{"start":{"line":206,"column":6},"end":{"line":209,"column":7}},"type":"if","locations":[{"start":{"line":206,"column":6},"end":{"line":209,"column":7}},{"start":{},"end":{}}]},"27":{"loc":{"start":{"line":213,"column":6},"end":{"line":234,"column":7}},"type":"if","locations":[{"start":{"line":213,"column":6},"end":{"line":234,"column":7}},{"start":{},"end":{}}]},"28":{"loc":{"start":{"line":214,"column":27},"end":{"line":214,"column":78}},"type":"binary-expr","locations":[{"start":{"line":214,"column":27},"end":{"line":214,"column":51}},{"start":{"line":214,"column":55},"end":{"line":214,"column":78}}]},"29":{"loc":{"start":{"line":222,"column":12},"end":{"line":231,"column":13}},"type":"if","locations":[{"start":{"line":222,"column":12},"end":{"line":231,"column":13}},{"start":{"line":225,"column":19},"end":{"line":231,"column":13}}]},"30":{"loc":{"start":{"line":225,"column":19},"end":{"line":231,"column":13}},"type":"if","locations":[{"start":{"line":225,"column":19},"end":{"line":231,"column":13}},{"start":{},"end":{}}]},"31":{"loc":{"start":{"line":235,"column":6},"end":{"line":240,"column":7}},"type":"if","locations":[{"start":{"line":235,"column":6},"end":{"line":240,"column":7}},{"start":{},"end":{}}]},"32":{"loc":{"start":{"line":235,"column":10},"end":{"line":235,"column":68}},"type":"binary-expr","locations":[{"start":{"line":235,"column":10},"end":{"line":235,"column":31}},{"start":{"line":235,"column":35},"end":{"line":235,"column":68}}]},"33":{"loc":{"start":{"line":245,"column":6},"end":{"line":264,"column":7}},"type":"if","locations":[{"start":{"line":245,"column":6},"end":{"line":264,"column":7}},{"start":{"line":252,"column":13},"end":{"line":264,"column":7}}]},"34":{"loc":{"start":{"line":248,"column":10},"end":{"line":248,"column":75}},"type":"cond-expr","locations":[{"start":{"line":248,"column":52},"end":{"line":248,"column":71}},{"start":{"line":248,"column":74},"end":{"line":248,"column":75}}]},"35":{"loc":{"start":{"line":261,"column":8},"end":{"line":263,"column":9}},"type":"if","locations":[{"start":{"line":261,"column":8},"end":{"line":263,"column":9}},{"start":{},"end":{}}]},"36":{"loc":{"start":{"line":270,"column":8},"end":{"line":272,"column":9}},"type":"if","locations":[{"start":{"line":270,"column":8},"end":{"line":272,"column":9}},{"start":{},"end":{}}]},"37":{"loc":{"start":{"line":278,"column":8},"end":{"line":306,"column":9}},"type":"if","locations":[{"start":{"line":278,"column":8},"end":{"line":306,"column":9}},{"start":{"line":280,"column":15},"end":{"line":306,"column":9}}]},"38":{"loc":{"start":{"line":280,"column":15},"end":{"line":306,"column":9}},"type":"if","locations":[{"start":{"line":280,"column":15},"end":{"line":306,"column":9}},{"start":{"line":284,"column":15},"end":{"line":306,"column":9}}]},"39":{"loc":{"start":{"line":284,"column":15},"end":{"line":306,"column":9}},"type":"if","locations":[{"start":{"line":284,"column":15},"end":{"line":306,"column":9}},{"start":{"line":288,"column":15},"end":{"line":306,"column":9}}]},"40":{"loc":{"start":{"line":293,"column":14},"end":{"line":304,"column":15}},"type":"if","locations":[{"start":{"line":293,"column":14},"end":{"line":304,"column":15}},{"start":{},"end":{}}]},"41":{"loc":{"start":{"line":301,"column":25},"end":{"line":301,"column":47}},"type":"binary-expr","locations":[{"start":{"line":301,"column":25},"end":{"line":301,"column":36}},{"start":{"line":301,"column":40},"end":{"line":301,"column":47}}]},"42":{"loc":{"start":{"line":325,"column":2},"end":{"line":328,"column":3}},"type":"if","locations":[{"start":{"line":325,"column":2},"end":{"line":328,"column":3}},{"start":{},"end":{}}]},"43":{"loc":{"start":{"line":331,"column":2},"end":{"line":339,"column":3}},"type":"if","locations":[{"start":{"line":331,"column":2},"end":{"line":339,"column":3}},{"start":{},"end":{}}]},"44":{"loc":{"start":{"line":336,"column":4},"end":{"line":338,"column":5}},"type":"if","locations":[{"start":{"line":336,"column":4},"end":{"line":338,"column":5}},{"start":{},"end":{}}]}},"s":{"0":5,"1":5,"2":5,"3":5,"4":5,"5":5,"6":5,"7":5,"8":5,"9":5,"10":5,"11":5,"12":0,"13":0,"14":0,"15":0,"16":8,"17":8,"18":2,"19":6,"20":5,"21":5,"22":0,"23":5,"24":1,"25":4,"26":4,"27":3,"28":2,"29":2,"30":1,"31":1,"32":1,"33":2,"34":2,"35":2,"36":2,"37":8,"38":0,"39":8,"40":1,"41":7,"42":1,"43":6,"44":6,"45":17,"46":1,"47":5,"48":1,"49":4,"50":4,"51":1,"52":3,"53":2,"54":1,"55":3,"56":3,"57":1,"58":1,"59":2,"60":2,"61":1,"62":1,"63":1,"64":1,"65":1,"66":1,"67":1,"68":0,"69":0,"70":0,"71":0,"72":0,"73":0,"74":0,"75":0,"76":0,"77":0,"78":0,"79":0,"80":0,"81":0,"82":0,"83":0,"84":0,"85":0,"86":0,"87":0,"88":0,"89":0,"90":0,"91":0,"92":0,"93":0,"94":0,"95":0,"96":0,"97":0,"98":0,"99":0,"100":0,"101":0,"102":0,"103":0,"104":0,"105":0,"106":0,"107":0,"108":0,"109":0,"110":0,"111":0,"112":0,"113":0,"114":0,"115":0,"116":0,"117":0,"118":0,"119":0,"120":0,"121":0,"122":0,"123":0,"124":0,"125":0,"126":0,"127":0,"128":0,"129":0,"130":0,"131":0,"132":5,"133":5,"134":1,"135":1,"136":4,"137":2,"138":2,"139":1,"140":3,"141":3,"142":3,"143":2,"144":2,"145":1,"146":1},"f":{"0":0,"1":8,"2":5,"3":8,"4":3,"5":3,"6":2,"7":0,"8":0,"9":0,"10":0,"11":0,"12":0,"13":5},"b":{"0":[0,0],"1":[2,6],"2":[8,6],"3":[5,0],"4":[0,5],"5":[1,4],"6":[1,1],"7":[2,0],"8":[0,8],"9":[1,7],"10":[8,8],"11":[1,6],"12":[1,16],"13":[1,4],"14":[5,5],"15":[4,0],"16":[1,3],"17":[4,3],"18":[2,1],"19":[3,2],"20":[1,2],"21":[1,1],"22":[1,0],"23":[0,0],"24":[0,0],"25":[0,0],"26":[0,0],"27":[0,0],"28":[0,0],"29":[0,0],"30":[0,0],"31":[0,0],"32":[0,0],"33":[0,0],"34":[0,0],"35":[0,0],"36":[0,0],"37":[0,0],"38":[0,0],"39":[0,0],"40":[0,0],"41":[0,0],"42":[1,4],"43":[2,2],"44":[1,1]}}
}
