TN:
SF:src/extension.ts
FN:20,getGitExtension
FN:26,getWorkspaceConfigPath
FN:32,loadConfig
FN:63,validateConfig
FN:115,execGitCommit
FN:116,(anonymous_14)
FN:127,(anonymous_15)
FN:145,activate
FN:182,(anonymous_17)
FN:189,(anonymous_18)
FN:221,(anonymous_19)
FN:292,(anonymous_20)
FN:317,deactivate
FN:323,createDefaultConfig
FNF:14
FNH:7
FNDA:0,getGitExtension
FNDA:8,getWorkspaceConfigPath
FNDA:5,loadConfig
FNDA:8,validateConfig
FNDA:3,execGitCommit
FNDA:3,(anonymous_14)
FNDA:2,(anonymous_15)
FNDA:0,activate
FNDA:0,(anonymous_17)
FNDA:0,(anonymous_18)
FNDA:0,(anonymous_19)
FNDA:0,(anonymous_20)
FNDA:0,deactivate
FNDA:5,createDefaultConfig
DA:1,5
DA:2,5
DA:3,5
DA:4,5
DA:20,5
DA:21,0
DA:22,0
DA:23,0
DA:26,5
DA:27,8
DA:28,8
DA:29,6
DA:32,5
DA:33,5
DA:34,5
DA:36,5
DA:37,1
DA:40,4
DA:41,4
DA:42,3
DA:43,2
DA:44,2
DA:45,1
DA:46,1
DA:48,1
DA:51,2
DA:52,2
DA:53,2
DA:54,2
DA:63,5
DA:65,8
DA:66,0
DA:70,8
DA:71,1
DA:74,7
DA:75,1
DA:79,6
DA:80,17
DA:81,1
DA:86,5
DA:87,1
DA:91,4
DA:92,4
DA:96,1
DA:100,3
DA:104,2
DA:112,1
DA:115,5
DA:116,3
DA:118,3
DA:119,1
DA:120,1
DA:124,2
DA:128,2
DA:130,1
DA:131,1
DA:132,1
DA:136,1
DA:137,1
DA:138,1
DA:139,1
DA:145,5
DA:147,0
DA:150,0
DA:151,0
DA:152,0
DA:155,0
DA:158,0
DA:159,0
DA:171,0
DA:174,0
DA:180,0
DA:183,0
DA:187,0
DA:190,0
DA:191,0
DA:192,0
DA:193,0
DA:195,0
DA:196,0
DA:197,0
DA:200,0
DA:203,0
DA:204,0
DA:206,0
DA:207,0
DA:208,0
DA:212,0
DA:213,0
DA:214,0
DA:215,0
DA:222,0
DA:224,0
DA:225,0
DA:226,0
DA:233,0
DA:235,0
DA:236,0
DA:239,0
DA:245,0
DA:248,0
DA:251,0
DA:253,0
DA:261,0
DA:262,0
DA:266,0
DA:268,0
DA:269,0
DA:270,0
DA:275,0
DA:278,0
DA:280,0
DA:281,0
DA:284,0
DA:285,0
DA:290,0
DA:293,0
DA:294,0
DA:295,0
DA:298,0
DA:299,0
DA:300,0
DA:303,0
DA:312,0
DA:313,0
DA:314,0
DA:317,5
DA:323,5
DA:324,5
DA:325,5
DA:326,1
DA:327,1
DA:331,4
DA:332,2
DA:336,2
DA:337,1
DA:342,3
DA:348,3
DA:349,3
DA:354,2
DA:355,2
DA:357,1
DA:358,1
LF:143
LH:75
BRDA:22,0,0,0
BRDA:22,0,1,0
BRDA:28,1,0,2
BRDA:28,1,1,6
BRDA:28,2,0,8
BRDA:28,2,1,6
BRDA:33,3,0,5
BRDA:33,3,1,0
BRDA:34,4,0,0
BRDA:34,4,1,5
BRDA:36,5,0,1
BRDA:36,5,1,4
BRDA:44,6,0,1
BRDA:44,6,1,1
BRDA:51,7,0,2
BRDA:51,7,1,0
BRDA:65,8,0,0
BRDA:65,8,1,8
BRDA:70,9,0,1
BRDA:70,9,1,7
BRDA:70,10,0,8
BRDA:70,10,1,8
BRDA:74,11,0,1
BRDA:74,11,1,6
BRDA:80,12,0,1
BRDA:80,12,1,16
BRDA:86,13,0,1
BRDA:86,13,1,4
BRDA:86,14,0,5
BRDA:86,14,1,5
BRDA:91,15,0,4
BRDA:91,15,1,0
BRDA:92,16,0,1
BRDA:92,16,1,3
BRDA:93,17,0,4
BRDA:93,17,1,3
BRDA:100,18,0,2
BRDA:100,18,1,1
BRDA:101,19,0,3
BRDA:101,19,1,2
BRDA:118,20,0,1
BRDA:118,20,1,2
BRDA:128,21,0,1
BRDA:128,21,1,1
BRDA:130,22,0,1
BRDA:130,22,1,0
BRDA:151,23,0,0
BRDA:151,23,1,0
BRDA:191,24,0,0
BRDA:191,24,1,0
BRDA:196,25,0,0
BRDA:196,25,1,0
BRDA:206,26,0,0
BRDA:206,26,1,0
BRDA:213,27,0,0
BRDA:213,27,1,0
BRDA:214,28,0,0
BRDA:214,28,1,0
BRDA:222,29,0,0
BRDA:222,29,1,0
BRDA:225,30,0,0
BRDA:225,30,1,0
BRDA:235,31,0,0
BRDA:235,31,1,0
BRDA:235,32,0,0
BRDA:235,32,1,0
BRDA:245,33,0,0
BRDA:245,33,1,0
BRDA:248,34,0,0
BRDA:248,34,1,0
BRDA:261,35,0,0
BRDA:261,35,1,0
BRDA:270,36,0,0
BRDA:270,36,1,0
BRDA:278,37,0,0
BRDA:278,37,1,0
BRDA:280,38,0,0
BRDA:280,38,1,0
BRDA:284,39,0,0
BRDA:284,39,1,0
BRDA:293,40,0,0
BRDA:293,40,1,0
BRDA:301,41,0,0
BRDA:301,41,1,0
BRDA:325,42,0,1
BRDA:325,42,1,4
BRDA:331,43,0,2
BRDA:331,43,1,2
BRDA:336,44,0,1
BRDA:336,44,1,1
BRF:90
BRH:44
end_of_record
